  deformation_transfer原图.cpp
d:\my_codes\c++\deformation_transfer原图\deformation_transfer原图\helper.hpp(44): warning C4018: '<': signed/unsigned mismatch
d:\my_codes\c++\deformation_transfer原图\deformation_transfer原图\helper.hpp(56): warning C4018: '<': signed/unsigned mismatch
d:\my_codes\c++\deformation_transfer原图\deformation_transfer原图\deformation_transfer原图.cpp(203): warning C4018: '<': signed/unsigned mismatch
OpenMeshCored.lib(BinaryHelper.obj) : warning LNK4099: PDB 'OpenMeshCore.pdb' was not found with 'OpenMeshCored.lib(BinaryHelper.obj)' or at 'D:\My_Codes\C++\deformation_transfer??\Debug\OpenMeshCore.pdb'; linking object as if no debug info
OpenMeshCored.lib(IOManager.obj) : warning LNK4099: PDB 'OpenMeshCore.pdb' was not found with 'OpenMeshCored.lib(IOManager.obj)' or at 'D:\My_Codes\C++\deformation_transfer??\Debug\OpenMeshCore.pdb'; linking object as if no debug info
OpenMeshCored.lib(OMFormat.obj) : warning LNK4099: PDB 'OpenMeshCore.pdb' was not found with 'OpenMeshCored.lib(OMFormat.obj)' or at 'D:\My_Codes\C++\deformation_transfer??\Debug\OpenMeshCore.pdb'; linking object as if no debug info
OpenMeshCored.lib(BaseReader.obj) : warning LNK4099: PDB 'OpenMeshCore.pdb' was not found with 'OpenMeshCored.lib(BaseReader.obj)' or at 'D:\My_Codes\C++\deformation_transfer??\Debug\OpenMeshCore.pdb'; linking object as if no debug info
OpenMeshCored.lib(OBJReader.obj) : warning LNK4099: PDB 'OpenMeshCore.pdb' was not found with 'OpenMeshCored.lib(OBJReader.obj)' or at 'D:\My_Codes\C++\deformation_transfer??\Debug\OpenMeshCore.pdb'; linking object as if no debug info
OpenMeshCored.lib(OFFReader.obj) : warning LNK4099: PDB 'OpenMeshCore.pdb' was not found with 'OpenMeshCored.lib(OFFReader.obj)' or at 'D:\My_Codes\C++\deformation_transfer??\Debug\OpenMeshCore.pdb'; linking object as if no debug info
OpenMeshCored.lib(OMReader.obj) : warning LNK4099: PDB 'OpenMeshCore.pdb' was not found with 'OpenMeshCored.lib(OMReader.obj)' or at 'D:\My_Codes\C++\deformation_transfer??\Debug\OpenMeshCore.pdb'; linking object as if no debug info
OpenMeshCored.lib(PLYReader.obj) : warning LNK4099: PDB 'OpenMeshCore.pdb' was not found with 'OpenMeshCored.lib(PLYReader.obj)' or at 'D:\My_Codes\C++\deformation_transfer??\Debug\OpenMeshCore.pdb'; linking object as if no debug info
OpenMeshCored.lib(STLReader.obj) : warning LNK4099: PDB 'OpenMeshCore.pdb' was not found with 'OpenMeshCored.lib(STLReader.obj)' or at 'D:\My_Codes\C++\deformation_transfer??\Debug\OpenMeshCore.pdb'; linking object as if no debug info
OpenMeshCored.lib(BaseWriter.obj) : warning LNK4099: PDB 'OpenMeshCore.pdb' was not found with 'OpenMeshCored.lib(BaseWriter.obj)' or at 'D:\My_Codes\C++\deformation_transfer??\Debug\OpenMeshCore.pdb'; linking object as if no debug info
OpenMeshCored.lib(OBJWriter.obj) : warning LNK4099: PDB 'OpenMeshCore.pdb' was not found with 'OpenMeshCored.lib(OBJWriter.obj)' or at 'D:\My_Codes\C++\deformation_transfer??\Debug\OpenMeshCore.pdb'; linking object as if no debug info
OpenMeshCored.lib(OFFWriter.obj) : warning LNK4099: PDB 'OpenMeshCore.pdb' was not found with 'OpenMeshCored.lib(OFFWriter.obj)' or at 'D:\My_Codes\C++\deformation_transfer??\Debug\OpenMeshCore.pdb'; linking object as if no debug info
OpenMeshCored.lib(OMWriter.obj) : warning LNK4099: PDB 'OpenMeshCore.pdb' was not found with 'OpenMeshCored.lib(OMWriter.obj)' or at 'D:\My_Codes\C++\deformation_transfer??\Debug\OpenMeshCore.pdb'; linking object as if no debug info
OpenMeshCored.lib(PLYWriter.obj) : warning LNK4099: PDB 'OpenMeshCore.pdb' was not found with 'OpenMeshCored.lib(PLYWriter.obj)' or at 'D:\My_Codes\C++\deformation_transfer??\Debug\OpenMeshCore.pdb'; linking object as if no debug info
OpenMeshCored.lib(STLWriter.obj) : warning LNK4099: PDB 'OpenMeshCore.pdb' was not found with 'OpenMeshCored.lib(STLWriter.obj)' or at 'D:\My_Codes\C++\deformation_transfer??\Debug\OpenMeshCore.pdb'; linking object as if no debug info
OpenMeshCored.lib(ArrayKernel.obj) : warning LNK4099: PDB 'OpenMeshCore.pdb' was not found with 'OpenMeshCored.lib(ArrayKernel.obj)' or at 'D:\My_Codes\C++\deformation_transfer??\Debug\OpenMeshCore.pdb'; linking object as if no debug info
OpenMeshCored.lib(PolyConnectivity.obj) : warning LNK4099: PDB 'OpenMeshCore.pdb' was not found with 'OpenMeshCored.lib(PolyConnectivity.obj)' or at 'D:\My_Codes\C++\deformation_transfer??\Debug\OpenMeshCore.pdb'; linking object as if no debug info
OpenMeshCored.lib(TriConnectivity.obj) : warning LNK4099: PDB 'OpenMeshCore.pdb' was not found with 'OpenMeshCored.lib(TriConnectivity.obj)' or at 'D:\My_Codes\C++\deformation_transfer??\Debug\OpenMeshCore.pdb'; linking object as if no debug info
OpenMeshCored.lib(omstream.obj) : warning LNK4099: PDB 'OpenMeshCore.pdb' was not found with 'OpenMeshCored.lib(omstream.obj)' or at 'D:\My_Codes\C++\deformation_transfer??\Debug\OpenMeshCore.pdb'; linking object as if no debug info
OpenMeshCored.lib(BaseProperty.obj) : warning LNK4099: PDB 'OpenMeshCore.pdb' was not found with 'OpenMeshCored.lib(BaseProperty.obj)' or at 'D:\My_Codes\C++\deformation_transfer??\Debug\OpenMeshCore.pdb'; linking object as if no debug info
OpenMeshCored.lib(Endian.obj) : warning LNK4099: PDB 'OpenMeshCore.pdb' was not found with 'OpenMeshCored.lib(Endian.obj)' or at 'D:\My_Codes\C++\deformation_transfer??\Debug\OpenMeshCore.pdb'; linking object as if no debug info
  deformation_transfer原图.vcxproj -> D:\My_Codes\C++\deformation_transfer原图\Debug\deformation_transfer原图.exe
